<?xml version="1.0" encoding="UTF-8"?><testrun name="TestBuilder" project="TeaTesting" tests="6" started="6" failures="2" errors="0" ignored="1">
  <testsuite name="pomcumber.TestBuilder" time="27.759">
    <testsuite name="Feature: Shopping on a website" time="27.759">
      <testsuite name="Scenario: Browse the items available on the website" time="0.263">
        <testcase name="Given the correct web address" classname="Scenario: Browse the items available on the website" time="0.204"/>
        <testcase name="When I navigate to the 'Menu' page" classname="Scenario: Browse the items available on the website" time="0.059"/>
        <testcase name="Then I can browse a list of the available products." classname="Scenario: Browse the items available on the website" time="0.0"/>
      </testsuite>
      <testsuite name="Scenario: Add an item to the checkout" time="10.563" incomplete="true">
        <failure>java.lang.AssertionError: expected:&lt;http://www.practiceselenium.com/check-out.html&gt; but was:&lt;[[FirefoxDriver: firefox on WINDOWS (63f7b0c9-a73b-44ce-9311-0e7e0e05f284)] -&gt; xpath: /html/body/div/div/div[1]/div/div[13]/div/ul/li[5]/a]&gt;&#13;
	at org.junit.Assert.fail(Assert.java:88)&#13;
	at org.junit.Assert.failNotEquals(Assert.java:834)&#13;
	at org.junit.Assert.assertEquals(Assert.java:118)&#13;
	at org.junit.Assert.assertEquals(Assert.java:144)&#13;
	at pomcumber.TestingClass.i_click_the_checkout_button(TestingClass.java:61)&#13;
	at ✽.When I click the checkout button(TeaTesting.feature:13)&#13;
&#13;
</failure>
        <testcase name="Given the correct web address" classname="Scenario: Add an item to the checkout" time="10.56"/>
        <testcase name="When I click the checkout button" classname="Scenario: Add an item to the checkout" time="0.003">
          <failure>java.lang.AssertionError: expected:&lt;http://www.practiceselenium.com/check-out.html&gt; but was:&lt;[[FirefoxDriver: firefox on WINDOWS (63f7b0c9-a73b-44ce-9311-0e7e0e05f284)] -&gt; xpath: /html/body/div/div/div[1]/div/div[13]/div/ul/li[5]/a]&gt;&#13;
	at org.junit.Assert.fail(Assert.java:88)&#13;
	at org.junit.Assert.failNotEquals(Assert.java:834)&#13;
	at org.junit.Assert.assertEquals(Assert.java:118)&#13;
	at org.junit.Assert.assertEquals(Assert.java:144)&#13;
	at pomcumber.TestingClass.i_click_the_checkout_button(TestingClass.java:61)&#13;
	at ✽.When I click the checkout button(TeaTesting.feature:13)&#13;
&#13;
</failure>
        </testcase>
        <testcase name="Then I am taken to the checkout page" classname="Scenario: Add an item to the checkout" time="0.003" ignored="true"/>
      </testsuite>
    </testsuite>
  </testsuite>
</testrun>
